#
# There is insufficient memory for the Java Runtime Environment to continue.
# Native memory allocation (malloc) failed to allocate 488176 bytes for Chunk::new
# Possible reasons:
#   The system is out of physical RAM or swap space
#   In 32 bit mode, the process size limit was hit
# Possible solutions:
#   Reduce memory load on the system
#   Increase physical memory or swap space
#   Check if swap backing store is full
#   Use 64 bit Java on a 64 bit OS
#   Decrease Java heap size (-Xmx/-Xms)
#   Decrease number of Java threads
#   Decrease Java thread stack sizes (-Xss)
#   Set larger code cache with -XX:ReservedCodeCacheSize=
# This output file may be truncated or incomplete.
#
#  Out of Memory Error (allocation.cpp:328), pid=10048, tid=10032
#
# JRE version: 7.0_04-b22
# Java VM: Java HotSpot(TM) 64-Bit Server VM (23.0-b21 mixed mode windows-amd64 compressed oops)
# Failed to write core dump. Minidumps are not enabled by default on client versions of Windows
#

---------------  T H R E A D  ---------------

Current thread (0x0000000008efc000):  JavaThread "C2 CompilerThread1" daemon [_thread_in_native, id=10032, stack(0x000000000a5b0000,0x000000000a6b0000)]

Stack: [0x000000000a5b0000,0x000000000a6b0000]

Current CompileTask:
C2:   8789  208             com.android.dx.ssa.SsaRenamer$BlockRenamer::process (191 bytes)


---------------  P R O C E S S  ---------------

Java Threads: ( => current thread )
  0x000000000a985800 JavaThread "pool-1-thread-3" [_thread_in_Java, id=9060, stack(0x000000000afb0000,0x000000000b0b0000)]
  0x000000000a984800 JavaThread "pool-1-thread-2" [_thread_in_Java, id=9760, stack(0x000000000aeb0000,0x000000000afb0000)]
  0x000000000a984000 JavaThread "pool-2-thread-1" [_thread_blocked, id=9744, stack(0x000000000adb0000,0x000000000aeb0000)]
  0x0000000008eff000 JavaThread "Service Thread" daemon [_thread_blocked, id=5232, stack(0x000000000a6b0000,0x000000000a7b0000)]
=>0x0000000008efc000 JavaThread "C2 CompilerThread1" daemon [_thread_in_native, id=10032, stack(0x000000000a5b0000,0x000000000a6b0000)]
  0x0000000008eef000 JavaThread "C2 CompilerThread0" daemon [_thread_in_native, id=6172, stack(0x000000000a4b0000,0x000000000a5b0000)]
  0x0000000008eee000 JavaThread "Attach Listener" daemon [_thread_blocked, id=9384, stack(0x000000000a3b0000,0x000000000a4b0000)]
  0x0000000008eea800 JavaThread "Signal Dispatcher" daemon [_thread_blocked, id=7584, stack(0x000000000a2b0000,0x000000000a3b0000)]
  0x0000000008e82000 JavaThread "Finalizer" daemon [_thread_blocked, id=7424, stack(0x000000000a1b0000,0x000000000a2b0000)]
  0x0000000008e7e800 JavaThread "Reference Handler" daemon [_thread_blocked, id=6704, stack(0x000000000a0b0000,0x000000000a1b0000)]
  0x000000000105e000 JavaThread "main" [_thread_blocked, id=1548, stack(0x0000000000f30000,0x0000000001030000)]

Other Threads:
  0x0000000008e77000 VMThread [stack: 0x0000000009fb0000,0x000000000a0b0000] [id=3128]
  0x0000000008f0c000 WatcherThread [stack: 0x000000000a7b0000,0x000000000a8b0000] [id=4044]

VM state:not at safepoint (normal execution)

VM Mutex/Monitor currently owned by a thread: None

Heap
 PSYoungGen      total 28224K, used 7078K [0x00000000eaab0000, 0x00000000eca30000, 0x0000000000000000)
  eden space 24192K, 12% used [0x00000000eaab0000,0x00000000eadb17d8,0x00000000ec250000)
  from space 4032K, 99% used [0x00000000ec250000,0x00000000ec638348,0x00000000ec640000)
  to   space 4032K, 0% used [0x00000000ec640000,0x00000000ec640000,0x00000000eca30000)
 ParOldGen       total 64512K, used 1347K [0x00000000c0000000, 0x00000000c3f00000, 0x00000000eaab0000)
  object space 64512K, 2% used [0x00000000c0000000,0x00000000c0150eb0,0x00000000c3f00000)
 PSPermGen       total 21248K, used 5849K [0x00000000bae00000, 0x00000000bc2c0000, 0x00000000c0000000)
  object space 21248K, 27% used [0x00000000bae00000,0x00000000bb3b66f8,0x00000000bc2c0000)

Code Cache  [0x0000000002a20000, 0x0000000002c90000, 0x0000000005a20000)
 total_blobs=440 nmethods=206 adapters=185 free_code_cache=48333Kb largest_free_block=49471040

Compilation events (10 events):
Event: 8.446 Thread 0x0000000008efc000 nmethod 203 0x0000000002aec310 code [0x0000000002aec460, 0x0000000002aec538]
Event: 8.572 Thread 0x0000000008efc000  204             com.android.dx.ssa.SsaBasicBlock::forEachPhiInsn (54 bytes)
Event: 8.603 Thread 0x0000000008efc000 nmethod 204 0x0000000002aed050 code [0x0000000002aed1e0, 0x0000000002aed6c8]
Event: 8.639 Thread 0x0000000008efc000  205             java.util.AbstractMap::<init> (15 bytes)
Event: 8.641 Thread 0x0000000008efc000 nmethod 205 0x0000000002ae34d0 code [0x0000000002ae3600, 0x0000000002ae3658]
Event: 8.643 Thread 0x0000000008efc000  206             com.android.dx.ssa.SsaRenamer::access$000 (5 bytes)
Event: 8.644 Thread 0x0000000008efc000 nmethod 206 0x0000000002af0890 code [0x0000000002af09c0, 0x0000000002af0a18]
Event: 8.652 Thread 0x0000000008efc000  207             java.util.HashMap::init (1 bytes)
Event: 8.652 Thread 0x0000000008efc000 nmethod 207 0x0000000002af05d0 code [0x0000000002af0700, 0x0000000002af0758]
Event: 8.655 Thread 0x0000000008efc000  208             com.android.dx.ssa.SsaRenamer$BlockRenamer::process (191 bytes)

GC Heap History (2 events):
Event: 7.748 GC heap before
{Heap before GC invocations=1 (full 0):
 PSYoungGen      total 28224K, used 24192K [0x00000000eaab0000, 0x00000000eca30000, 0x0000000000000000)
  eden space 24192K, 100% used [0x00000000eaab0000,0x00000000ec250000,0x00000000ec250000)
  from space 4032K, 0% used [0x00000000ec640000,0x00000000ec640000,0x00000000eca30000)
  to   space 4032K, 0% used [0x00000000ec250000,0x00000000ec250000,0x00000000ec640000)
 ParOldGen       total 64512K, used 0K [0x00000000c0000000, 0x00000000c3f00000, 0x00000000eaab0000)
  object space 64512K, 0% used [0x00000000c0000000,0x00000000c0000000,0x00000000c3f00000)
 PSPermGen       total 21248K, used 5813K [0x00000000bae00000, 0x00000000bc2c0000, 0x00000000c0000000)
  object space 21248K, 27% used [0x00000000bae00000,0x00000000bb3ad6a8,0x00000000bc2c0000)
Event: 7.996 GC heap after
Heap after GC invocations=1 (full 0):
 PSYoungGen      total 28224K, used 4000K [0x00000000eaab0000, 0x00000000eca30000, 0x0000000000000000)
  eden space 24192K, 0% used [0x00000000eaab0000,0x00000000eaab0000,0x00000000ec250000)
  from space 4032K, 99% used [0x00000000ec250000,0x00000000ec638348,0x00000000ec640000)
  to   space 4032K, 0% used [0x00000000ec640000,0x00000000ec640000,0x00000000eca30000)
 ParOldGen       total 64512K, used 1347K [0x00000000c0000000, 0x00000000c3f00000, 0x00000000eaab0000)
  object space 64512K, 2% used [0x00000000c0000000,0x00000000c0150eb0,0x00000000c3f00000)
 PSPermGen       total 21248K, used 5813K [0x00000000bae00000, 0x00000000bc2c0000, 0x00000000c0000000)
  object space 21248K, 27% used [0x00000000bae00000,0x00000000bb3ad6a8,0x00000000bc2c0000)
}

Deoptimization events (9 events):
Event: 4.810 Thread 0x000000000105e000 Uncommon trap -12 fr.pc 0x0000000002a9e080
Event: 5.271 Thread 0x000000000a984800 Uncommon trap -34 fr.pc 0x0000000002aa83a8
Event: 5.291 Thread 0x000000000a984800 Uncommon trap -34 fr.pc 0x0000000002aa83a8
Event: 5.434 Thread 0x000000000a984800 Uncommon trap -34 fr.pc 0x0000000002aa83a8
Event: 5.530 Thread 0x000000000a985800 Uncommon trap -34 fr.pc 0x0000000002aa83a8
Event: 5.530 Thread 0x000000000a985800 Uncommon trap -34 fr.pc 0x0000000002a8e574
Event: 6.617 Thread 0x000000000a984800 Uncommon trap -83 fr.pc 0x0000000002ab0fc4
Event: 6.751 Thread 0x000000000a983000 Uncommon trap -12 fr.pc 0x0000000002ad2ff4
Event: 8.567 Thread 0x000000000a985800 Uncommon trap -12 fr.pc 0x0000000002adb220

Internal exceptions (10 events):
Event: 3.767 Thread 0x000000000a983000 Threw 0x00000000eb142cd8 at C:\jdk7u2_64p\jdk7u4\hotspot\src\share\vm\prims\jvm.cpp:1166
Event: 3.785 Thread 0x000000000a983000 Threw 0x00000000eb1472c8 at C:\jdk7u2_64p\jdk7u4\hotspot\src\share\vm\prims\jvm.cpp:1166
Event: 3.802 Thread 0x000000000a983000 Threw 0x00000000eb1583f8 at C:\jdk7u2_64p\jdk7u4\hotspot\src\share\vm\prims\jvm.cpp:1166
Event: 3.860 Thread 0x000000000105e000 Threw 0x00000000eb3a3c60 at C:\jdk7u2_64p\jdk7u4\hotspot\src\share\vm\prims\jvm.cpp:1166
Event: 4.057 Thread 0x000000000a984800 Threw 0x00000000eb25d990 at C:\jdk7u2_64p\jdk7u4\hotspot\src\share\vm\prims\jvm.cpp:1166
Event: 4.212 Thread 0x000000000a985800 Threw 0x00000000eb3929b0 at C:\jdk7u2_64p\jdk7u4\hotspot\src\share\vm\prims\jvm.cpp:1166
Event: 4.801 Thread 0x000000000105e000 Threw 0x00000000eb7eade8 at C:\jdk7u2_64p\jdk7u4\hotspot\src\share\vm\prims\jvm.cpp:1166
Event: 4.810 Thread 0x000000000105e000 Implicit null exception at 0x0000000002a9dcef to 0x0000000002a9e06d
Event: 6.751 Thread 0x000000000a983000 Implicit null exception at 0x0000000002ad21b1 to 0x0000000002ad2fcd
Event: 8.567 Thread 0x000000000a985800 Implicit null exception at 0x0000000002ad9e16 to 0x0000000002adb1f5

Events (10 events):
Event: 8.053 Executing VM operation: RevokeBias
Event: 8.054 Executing VM operation: RevokeBias done
Event: 8.054 Executing VM operation: RevokeBias
Event: 8.054 Executing VM operation: RevokeBias done
Event: 8.054 Executing VM operation: RevokeBias
Event: 8.054 Executing VM operation: RevokeBias done
Event: 8.054 Executing VM operation: BulkRevokeBias
Event: 8.054 Executing VM operation: BulkRevokeBias done
Event: 8.567 Thread 0x000000000a985800 DEOPT PACKING pc=0x0000000002adb220 sp=0x000000000b0aed10
Event: 8.567 Thread 0x000000000a985800 DEOPT UNPACKING pc=0x0000000002a59164 sp=0x000000000b0aeaa8 mode 2


Dynamic libraries:
0x00000000e86e0000 - 0x00000000e8713000 	C:\Program Files\Java\jdk1.7.0_04\bin\java.exe
0x0000000073f40000 - 0x0000000074101000 	C:\WINDOWS\SYSTEM32\ntdll.dll
0x0000000072ac0000 - 0x0000000072b6d000 	C:\WINDOWS\system32\KERNEL32.DLL
0x000000006f750000 - 0x000000006f92d000 	C:\WINDOWS\system32\KERNELBASE.dll
0x0000000070370000 - 0x0000000070416000 	C:\WINDOWS\system32\ADVAPI32.dll
0x0000000071c10000 - 0x0000000071cad000 	C:\WINDOWS\system32\msvcrt.dll
0x0000000072980000 - 0x00000000729db000 	C:\WINDOWS\system32\sechost.dll
0x0000000071ea0000 - 0x0000000071fc6000 	C:\WINDOWS\system32\RPCRT4.dll
0x00000000723c0000 - 0x000000007250e000 	C:\WINDOWS\system32\USER32.dll
0x0000000072570000 - 0x00000000726f6000 	C:\WINDOWS\system32\GDI32.dll
0x0000000065700000 - 0x0000000065974000 	C:\WINDOWS\WinSxS\amd64_microsoft.windows.common-controls_6595b64144ccf1df_6.0.10240.16384_none_f41f7b285750ef43\COMCTL32.dll
0x0000000071e60000 - 0x0000000071e96000 	C:\WINDOWS\system32\IMM32.DLL
0x0000000072260000 - 0x00000000723bc000 	C:\WINDOWS\system32\MSCTF.dll
0x000000005cc60000 - 0x000000005ccf1000 	C:\Program Files (x86)\AVG\AVG2015\avghooka.dll
0x000000006ae40000 - 0x000000006af11000 	C:\Program Files\Java\jdk1.7.0_04\jre\bin\msvcr100.dll
0x000000006b2c0000 - 0x000000006b9da000 	C:\Program Files\Java\jdk1.7.0_04\jre\bin\server\jvm.dll
0x0000000072a50000 - 0x0000000072a58000 	C:\WINDOWS\system32\PSAPI.DLL
0x00000000625a0000 - 0x00000000625a9000 	C:\WINDOWS\SYSTEM32\WSOCK32.dll
0x0000000070300000 - 0x0000000070369000 	C:\WINDOWS\system32\WS2_32.dll
0x0000000071fd0000 - 0x0000000071fd8000 	C:\WINDOWS\system32\NSI.dll
0x000000006b630000 - 0x000000006b653000 	C:\WINDOWS\SYSTEM32\WINMM.dll
0x000000006b600000 - 0x000000006b62c000 	C:\WINDOWS\SYSTEM32\WINMMBASE.dll
0x000000006f700000 - 0x000000006f744000 	C:\WINDOWS\system32\cfgmgr32.dll
0x000000006dff0000 - 0x000000006e017000 	C:\WINDOWS\SYSTEM32\DEVOBJ.dll
0x000000006b2b0000 - 0x000000006b2bf000 	C:\Program Files\Java\jdk1.7.0_04\jre\bin\verify.dll
0x000000006b280000 - 0x000000006b2a8000 	C:\Program Files\Java\jdk1.7.0_04\jre\bin\java.dll
0x000000006b260000 - 0x000000006b275000 	C:\Program Files\Java\jdk1.7.0_04\jre\bin\zip.dll
0x000000006b240000 - 0x000000006b259000 	C:\Program Files\Java\jdk1.7.0_04\jre\bin\net.dll
0x000000006ee70000 - 0x000000006eecd000 	C:\WINDOWS\system32\mswsock.dll
0x000000006b220000 - 0x000000006b231000 	C:\Program Files\Java\jdk1.7.0_04\jre\bin\nio.dll

VM Arguments:
jvm_args: -Djava.awt.headless=true -Xmx1024M -Dfile.encoding=windows-1252 -Duser.country=US -Duser.language=en -Duser.variant 
java_command: com.android.dx.command.Main --dex --num-threads=4 --output C:\Users\Nancy\AndroidStudioProjects\Product\app\build\intermediates\pre-dexed\debug\com.github.satyan-sugar-1.4_9aa3c0c08c946854d4d5c1ff70a90f451fb57e17.jar C:\Users\Nancy\AndroidStudioProjects\Product\app\build\intermediates\exploded-aar\com.github.satyan\sugar\1.4\jars\classes.jar
Launcher Type: SUN_STANDARD

Environment Variables:
PATH=C:\Windows\system32;C:\Windows;C:\Windows\System32\Wbem;C:\Windows\System32\WindowsPowerShell\v1.0\;C:\Program Files\Microsoft SQL Server\110\Tools\Binn\;C:\Program Files (x86)\MiKTeX 2.9\miktex\bin\;C:\WINDOWS\system32;C:\WINDOWS;C:\WINDOWS\System32\Wbem;C:\WINDOWS\System32\WindowsPowerShell\v1.0\;C:\Program Files\Microsoft\Web Platform Installer\;C:\Program Files (x86)\Windows Kits\8.1\Windows Performance Toolkit\;C:\Program Files (x86)\Microsoft SDKs\TypeScript\1.0\;C:\Program Files\Microsoft SQL Server\120\Tools\Binn\;C:\Program Files (x86)\MySQL\MySQL Fabric 1.5.4 & MySQL Utilities 1.5.4 1.5\;C:\Program Files (x86)\MySQL\MySQL Fabric 1.5.4 & MySQL Utilities 1.5.4 1.5\Doctrine extensions for PHP\;C:\Program Files\nodejs\;C:\Program Files (x86)\Windows Kits\8.0\Windows Performance Toolkit\;C:\Program Files (x86)\Java\jdk1.7.0_03\bin
USERNAME=Nancy
OS=Windows_NT
PROCESSOR_IDENTIFIER=Intel64 Family 6 Model 42 Stepping 7, GenuineIntel



---------------  S Y S T E M  ---------------

OS: Windows NT 6.2 Build 9200 

CPU:total 4 (2 cores per cpu, 2 threads per core) family 6 model 42 stepping 7, cmov, cx8, fxsr, mmx, sse, sse2, sse3, ssse3, sse4.1, sse4.2, popcnt, avx, ht, tsc, tscinvbit

Memory: 4k page, physical 6189420k(1793520k free), swap 7367032k(5180k free)

vm_info: Java HotSpot(TM) 64-Bit Server VM (23.0-b21) for windows-amd64 JRE (1.7.0_04-b22), built on May  2 2012 23:28:26 by "java_re" with unknown MS VC++:1600

time: Tue Feb 09 22:47:49 2016
elapsed time: 8 seconds

