#
# There is insufficient memory for the Java Runtime Environment to continue.
# Native memory allocation (malloc) failed to allocate 1048576 bytes for E in C:\jdk7u2_64p\jdk7u4\hotspot\src\share\vm\utilities/taskqueue.hpp
# Possible reasons:
#   The system is out of physical RAM or swap space
#   In 32 bit mode, the process size limit was hit
# Possible solutions:
#   Reduce memory load on the system
#   Increase physical memory or swap space
#   Check if swap backing store is full
#   Use 64 bit Java on a 64 bit OS
#   Decrease Java heap size (-Xmx/-Xms)
#   Decrease number of Java threads
#   Decrease Java thread stack sizes (-Xss)
#   Set larger code cache with -XX:ReservedCodeCacheSize=
# This output file may be truncated or incomplete.
#
#  Out of Memory Error (memory/allocation.inline.hpp:58), pid=10220, tid=7612
#
# JRE version: 7.0_04-b22
# Java VM: Java HotSpot(TM) 64-Bit Server VM (23.0-b21 mixed mode windows-amd64 compressed oops)
# Failed to write core dump. Minidumps are not enabled by default on client versions of Windows
#

---------------  T H R E A D  ---------------

Current thread (0x0000000002d5e000):  JavaThread "Unknown thread" [_thread_in_vm, id=7612, stack(0x0000000002d60000,0x0000000002e60000)]

Stack: [0x0000000002d60000,0x0000000002e60000]

---------------  P R O C E S S  ---------------

Java Threads: ( => current thread )

Other Threads:

=>0x0000000002d5e000 (exited) JavaThread "Unknown thread" [_thread_in_vm, id=7612, stack(0x0000000002d60000,0x0000000002e60000)]

VM state:not at safepoint (normal execution)

VM Mutex/Monitor currently owned by a thread: None

Heap
 PSYoungGen      total 28224K, used 483K [0x00000000eaab0000, 0x00000000eca30000, 0x0000000000000000)
  eden space 24192K, 2% used [0x00000000eaab0000,0x00000000eab28fc8,0x00000000ec250000)
  from space 4032K, 0% used [0x00000000ec640000,0x00000000ec640000,0x00000000eca30000)
  to   space 4032K, 0% used [0x00000000ec250000,0x00000000ec250000,0x00000000ec640000)
 ParOldGen       total 64512K, used 0K [0x00000000c0000000, 0x00000000c3f00000, 0x00000000eaab0000)
  object space 64512K, 0% used [0x00000000c0000000,0x00000000c0000000,0x00000000c3f00000)
 PSPermGen       total 21248K, used 694K [0x00000000bae00000, 0x00000000bc2c0000, 0x00000000c0000000)
  object space 21248K, 3% used [0x00000000bae00000,0x00000000baeadb90,0x00000000bc2c0000)

Code Cache  [0x0000000002e60000, 0x00000000030d0000, 0x0000000005e60000)
 total_blobs=39 nmethods=0 adapters=20 free_code_cache=48889Kb largest_free_block=50062912

Compilation events (0 events):
No events

GC Heap History (0 events):
No events

Deoptimization events (0 events):
No events

Internal exceptions (0 events):
No events

Events (10 events):
Event: 0.455 loading class 0x00000000012256d0
Event: 0.456 loading class 0x00000000012256d0 done
Event: 0.456 loading class 0x00000000012255e0
Event: 0.457 loading class 0x00000000012255e0 done
Event: 0.457 loading class 0x00000000012252e0
Event: 0.457 loading class 0x00000000012252e0 done
Event: 0.460 loading class 0x000000000125a2a0
Event: 0.460 loading class 0x000000000125a2a0 done
Event: 0.460 loading class 0x000000000125aee0
Event: 0.460 loading class 0x000000000125aee0 done


Dynamic libraries:
0x00000000e86e0000 - 0x00000000e8713000 	C:\Program Files\Java\jdk1.7.0_04\bin\java.exe
0x0000000073f40000 - 0x0000000074101000 	C:\WINDOWS\SYSTEM32\ntdll.dll
0x0000000072ac0000 - 0x0000000072b6d000 	C:\WINDOWS\system32\KERNEL32.DLL
0x000000006f750000 - 0x000000006f92d000 	C:\WINDOWS\system32\KERNELBASE.dll
0x0000000070370000 - 0x0000000070416000 	C:\WINDOWS\system32\ADVAPI32.dll
0x0000000071c10000 - 0x0000000071cad000 	C:\WINDOWS\system32\msvcrt.dll
0x0000000072980000 - 0x00000000729db000 	C:\WINDOWS\system32\sechost.dll
0x0000000071ea0000 - 0x0000000071fc6000 	C:\WINDOWS\system32\RPCRT4.dll
0x00000000723c0000 - 0x000000007250e000 	C:\WINDOWS\system32\USER32.dll
0x0000000072570000 - 0x00000000726f6000 	C:\WINDOWS\system32\GDI32.dll
0x0000000065700000 - 0x0000000065974000 	C:\WINDOWS\WinSxS\amd64_microsoft.windows.common-controls_6595b64144ccf1df_6.0.10240.16384_none_f41f7b285750ef43\COMCTL32.dll
0x0000000071e60000 - 0x0000000071e96000 	C:\WINDOWS\system32\IMM32.DLL
0x0000000072260000 - 0x00000000723bc000 	C:\WINDOWS\system32\MSCTF.dll
0x000000005cc60000 - 0x000000005ccf1000 	C:\Program Files (x86)\AVG\AVG2015\avghooka.dll
0x000000006ae40000 - 0x000000006af11000 	C:\Program Files\Java\jdk1.7.0_04\jre\bin\msvcr100.dll
0x000000006b2c0000 - 0x000000006b9da000 	C:\Program Files\Java\jdk1.7.0_04\jre\bin\server\jvm.dll
0x0000000072a50000 - 0x0000000072a58000 	C:\WINDOWS\system32\PSAPI.DLL
0x00000000625a0000 - 0x00000000625a9000 	C:\WINDOWS\SYSTEM32\WSOCK32.dll
0x0000000070300000 - 0x0000000070369000 	C:\WINDOWS\system32\WS2_32.dll
0x0000000071fd0000 - 0x0000000071fd8000 	C:\WINDOWS\system32\NSI.dll
0x000000006b630000 - 0x000000006b653000 	C:\WINDOWS\SYSTEM32\WINMM.dll
0x000000006b600000 - 0x000000006b62c000 	C:\WINDOWS\SYSTEM32\WINMMBASE.dll
0x000000006f700000 - 0x000000006f744000 	C:\WINDOWS\system32\cfgmgr32.dll
0x000000006dff0000 - 0x000000006e017000 	C:\WINDOWS\SYSTEM32\DEVOBJ.dll
0x000000006b2b0000 - 0x000000006b2bf000 	C:\Program Files\Java\jdk1.7.0_04\jre\bin\verify.dll
0x000000006b280000 - 0x000000006b2a8000 	C:\Program Files\Java\jdk1.7.0_04\jre\bin\java.dll
0x000000006b260000 - 0x000000006b275000 	C:\Program Files\Java\jdk1.7.0_04\jre\bin\zip.dll

VM Arguments:
jvm_args: -Djava.awt.headless=true -Xmx1024M -Dfile.encoding=windows-1252 -Duser.country=US -Duser.language=en -Duser.variant 
java_command: com.android.dx.command.Main --dex --num-threads=4 --output C:\Users\Nancy\AndroidStudioProjects\Product\app\build\intermediates\pre-dexed\debug\guava-18.0_770aa1e203331e4ab6cc3a746a1aed49c1187cd1.jar C:\Users\Nancy\.gradle\caches\modules-2\files-2.1\com.google.guava\guava\18.0\cce0823396aa693798f8882e64213b1772032b09\guava-18.0.jar
Launcher Type: SUN_STANDARD

Environment Variables:
PATH=C:\Windows\system32;C:\Windows;C:\Windows\System32\Wbem;C:\Windows\System32\WindowsPowerShell\v1.0\;C:\Program Files\Microsoft SQL Server\110\Tools\Binn\;C:\Program Files (x86)\MiKTeX 2.9\miktex\bin\;C:\WINDOWS\system32;C:\WINDOWS;C:\WINDOWS\System32\Wbem;C:\WINDOWS\System32\WindowsPowerShell\v1.0\;C:\Program Files\Microsoft\Web Platform Installer\;C:\Program Files (x86)\Windows Kits\8.1\Windows Performance Toolkit\;C:\Program Files (x86)\Microsoft SDKs\TypeScript\1.0\;C:\Program Files\Microsoft SQL Server\120\Tools\Binn\;C:\Program Files (x86)\MySQL\MySQL Fabric 1.5.4 & MySQL Utilities 1.5.4 1.5\;C:\Program Files (x86)\MySQL\MySQL Fabric 1.5.4 & MySQL Utilities 1.5.4 1.5\Doctrine extensions for PHP\;C:\Program Files\nodejs\;C:\Program Files (x86)\Windows Kits\8.0\Windows Performance Toolkit\;C:\Program Files (x86)\Java\jdk1.7.0_03\bin
USERNAME=Nancy
OS=Windows_NT
PROCESSOR_IDENTIFIER=Intel64 Family 6 Model 42 Stepping 7, GenuineIntel



---------------  S Y S T E M  ---------------

OS: Windows NT 6.2 Build 9200 

CPU:total 4 (2 cores per cpu, 2 threads per core) family 6 model 42 stepping 7, cmov, cx8, fxsr, mmx, sse, sse2, sse3, ssse3, sse4.1, sse4.2, popcnt, avx, ht, tsc, tscinvbit

Memory: 4k page, physical 6189420k(1810948k free), swap 7367032k(5240k free)

vm_info: Java HotSpot(TM) 64-Bit Server VM (23.0-b21) for windows-amd64 JRE (1.7.0_04-b22), built on May  2 2012 23:28:26 by "java_re" with unknown MS VC++:1600

time: Tue Feb 09 22:47:53 2016
elapsed time: 0 seconds

